[0.006s] Invoking command in '/home/mannava/warehouse_robot_ws/build/warehouse_robot': CMAKE_PREFIX_PATH=${CMAKE_PREFIX_PATH}:/opt/ros/jazzy /usr/bin/cmake --build /home/mannava/warehouse_robot_ws/build/warehouse_robot -- -j32 -l32
[0.025s] -- Found ament_cmake: 2.5.4 (/opt/ros/jazzy/share/ament_cmake/cmake)
[1.136s] -- Override CMake install command with custom implementation using symlinks instead of copying resources
[1.139s] -- Found rclcpp: 28.1.13 (/opt/ros/jazzy/share/rclcpp/cmake)
[1.153s] -- Found rosidl_generator_c: 4.6.6 (/opt/ros/jazzy/share/rosidl_generator_c/cmake)
[1.157s] -- Found rosidl_generator_cpp: 4.6.6 (/opt/ros/jazzy/share/rosidl_generator_cpp/cmake)
[1.163s] -- Using all available rosidl_typesupport_c: rosidl_typesupport_fastrtps_c;rosidl_typesupport_introspection_c
[1.169s] -- Using all available rosidl_typesupport_cpp: rosidl_typesupport_fastrtps_cpp;rosidl_typesupport_introspection_cpp
[1.200s] -- Found rmw_implementation_cmake: 7.3.2 (/opt/ros/jazzy/share/rmw_implementation_cmake/cmake)
[1.201s] -- Found rmw_fastrtps_cpp: 8.4.3 (/opt/ros/jazzy/share/rmw_fastrtps_cpp/cmake)
[1.254s] -- Using RMW implementation 'rmw_fastrtps_cpp' as default
[1.292s] -- Found urdf: 2.10.0 (/opt/ros/jazzy/share/urdf/cmake)
[1.297s] -- Found xacro: 2.1.1 (/opt/ros/jazzy/share/xacro/cmake)
[1.297s] -- Found ament_lint_auto: 0.17.3 (/opt/ros/jazzy/share/ament_lint_auto/cmake)
[1.453s] -- Added test 'flake8' to check Python code syntax and style conventions
[1.453s] -- Configured 'flake8' exclude dirs and/or files: 
[1.453s] -- Added test 'lint_cmake' to check CMake code style
[1.454s] -- Added test 'pep257' to check Python code against some of the docstring style conventions in PEP 257
[1.454s] -- Added test 'xmllint' to check XML markup files
[1.455s] -- Configuring done (1.4s)
[1.457s] -- Generating done (0.0s)
[1.458s] -- Build files have been written to: /home/mannava/warehouse_robot_ws/build/warehouse_robot
[1.475s] Invoked command in '/home/mannava/warehouse_robot_ws/build/warehouse_robot' returned '0': CMAKE_PREFIX_PATH=${CMAKE_PREFIX_PATH}:/opt/ros/jazzy /usr/bin/cmake --build /home/mannava/warehouse_robot_ws/build/warehouse_robot -- -j32 -l32
[1.483s] Invoking command in '/home/mannava/warehouse_robot_ws/build/warehouse_robot': CMAKE_PREFIX_PATH=${CMAKE_PREFIX_PATH}:/opt/ros/jazzy /usr/bin/cmake --install /home/mannava/warehouse_robot_ws/build/warehouse_robot
[1.491s] -- Install configuration: ""
[1.492s] -- Execute custom install script
[1.492s] -- Up-to-date symlink: /home/mannava/warehouse_robot_ws/install/warehouse_robot/share/warehouse_robot/launch/launch_sim.launch.py
[1.492s] -- Up-to-date symlink: /home/mannava/warehouse_robot_ws/install/warehouse_robot/share/warehouse_robot/launch/mapping.launch.py
[1.493s] -- Up-to-date symlink: /home/mannava/warehouse_robot_ws/install/warehouse_robot/share/warehouse_robot/launch/monitoring.launch.py
[1.493s] -- Up-to-date symlink: /home/mannava/warehouse_robot_ws/install/warehouse_robot/share/warehouse_robot/urdf/gazebo_control.xacro
[1.493s] -- Up-to-date symlink: /home/mannava/warehouse_robot_ws/install/warehouse_robot/share/warehouse_robot/urdf/lidar.xacro
[1.493s] -- Up-to-date symlink: /home/mannava/warehouse_robot_ws/install/warehouse_robot/share/warehouse_robot/urdf/robot.urdf.xacro
[1.493s] -- Up-to-date symlink: /home/mannava/warehouse_robot_ws/install/warehouse_robot/share/warehouse_robot/worlds/warehouse.sdf
[1.493s] -- Up-to-date symlink: /home/mannava/warehouse_robot_ws/install/warehouse_robot/share/warehouse_robot/rviz/warehouse.rviz
[1.493s] -- Up-to-date symlink: /home/mannava/warehouse_robot_ws/install/warehouse_robot/share/warehouse_robot/config/mapper_params_online_async.yaml
[1.494s] -- Up-to-date symlink: /home/mannava/warehouse_robot_ws/install/warehouse_robot/share/ament_index/resource_index/package_run_dependencies/warehouse_robot
[1.494s] -- Up-to-date symlink: /home/mannava/warehouse_robot_ws/install/warehouse_robot/share/ament_index/resource_index/parent_prefix_path/warehouse_robot
[1.494s] -- Up-to-date symlink: /home/mannava/warehouse_robot_ws/install/warehouse_robot/share/warehouse_robot/environment/ament_prefix_path.sh
[1.494s] -- Up-to-date symlink: /home/mannava/warehouse_robot_ws/install/warehouse_robot/share/warehouse_robot/environment/ament_prefix_path.dsv
[1.494s] -- Up-to-date symlink: /home/mannava/warehouse_robot_ws/install/warehouse_robot/share/warehouse_robot/environment/path.sh
[1.494s] -- Up-to-date symlink: /home/mannava/warehouse_robot_ws/install/warehouse_robot/share/warehouse_robot/environment/path.dsv
[1.495s] -- Up-to-date symlink: /home/mannava/warehouse_robot_ws/install/warehouse_robot/share/warehouse_robot/local_setup.bash
[1.495s] -- Up-to-date symlink: /home/mannava/warehouse_robot_ws/install/warehouse_robot/share/warehouse_robot/local_setup.sh
[1.495s] -- Up-to-date symlink: /home/mannava/warehouse_robot_ws/install/warehouse_robot/share/warehouse_robot/local_setup.zsh
[1.495s] -- Up-to-date symlink: /home/mannava/warehouse_robot_ws/install/warehouse_robot/share/warehouse_robot/local_setup.dsv
[1.495s] -- Symlinking: /home/mannava/warehouse_robot_ws/install/warehouse_robot/share/warehouse_robot/package.dsv
[1.506s] -- Up-to-date symlink: /home/mannava/warehouse_robot_ws/install/warehouse_robot/share/ament_index/resource_index/packages/warehouse_robot
[1.506s] -- Up-to-date symlink: /home/mannava/warehouse_robot_ws/install/warehouse_robot/share/warehouse_robot/cmake/warehouse_robotConfig.cmake
[1.506s] -- Up-to-date symlink: /home/mannava/warehouse_robot_ws/install/warehouse_robot/share/warehouse_robot/cmake/warehouse_robotConfig-version.cmake
[1.506s] -- Up-to-date symlink: /home/mannava/warehouse_robot_ws/install/warehouse_robot/share/warehouse_robot/package.xml
[1.508s] Invoked command in '/home/mannava/warehouse_robot_ws/build/warehouse_robot' returned '0': CMAKE_PREFIX_PATH=${CMAKE_PREFIX_PATH}:/opt/ros/jazzy /usr/bin/cmake --install /home/mannava/warehouse_robot_ws/build/warehouse_robot
