[0.055s] DEBUG:colcon:Command line arguments: ['/usr/bin/colcon', 'build', '--symlink-install']
[0.055s] DEBUG:colcon:Parsed command line arguments: Namespace(log_base=None, log_level=None, verb_name='build', build_base='build', install_base='install', merge_install=False, symlink_install=True, test_result_base=None, continue_on_error=False, executor='parallel', parallel_workers=32, event_handlers=None, ignore_user_meta=False, metas=['./colcon.meta'], base_paths=['.'], packages_ignore=None, packages_ignore_regex=None, paths=None, packages_up_to=None, packages_up_to_regex=None, packages_above=None, packages_above_and_dependencies=None, packages_above_depth=None, packages_select_by_dep=None, packages_skip_by_dep=None, packages_skip_up_to=None, packages_select_build_failed=False, packages_skip_build_finished=False, packages_select_test_failures=False, packages_skip_test_passed=False, packages_select=None, packages_skip=None, packages_select_regex=None, packages_skip_regex=None, packages_start=None, packages_end=None, allow_overriding=[], cmake_args=None, cmake_target=None, cmake_target_skip_unavailable=False, cmake_clean_cache=False, cmake_clean_first=False, cmake_force_configure=False, ament_cmake_args=None, catkin_cmake_args=None, catkin_skip_building_tests=False, mixin_files=None, mixin=None, verb_parser=<colcon_mixin.mixin.mixin_argument.MixinArgumentDecorator object at 0x7611f6c3b110>, verb_extension=<colcon_core.verb.build.BuildVerb object at 0x7611f6c3adb0>, main=<bound method BuildVerb.main of <colcon_core.verb.build.BuildVerb object at 0x7611f6c3adb0>>, mixin_verb=('build',))
[0.076s] Level 1:colcon.colcon_core.package_discovery:discover_packages(colcon_meta) check parameters
[0.077s] Level 1:colcon.colcon_core.package_discovery:discover_packages(recursive) check parameters
[0.077s] Level 1:colcon.colcon_core.package_discovery:discover_packages(ignore) check parameters
[0.077s] Level 1:colcon.colcon_core.package_discovery:discover_packages(path) check parameters
[0.077s] Level 1:colcon.colcon_core.package_discovery:discover_packages(colcon_meta) discover
[0.077s] Level 1:colcon.colcon_core.package_discovery:discover_packages(recursive) discover
[0.077s] INFO:colcon.colcon_core.package_discovery:Crawling recursively for packages in '/home/mannava/warehouse_robot_ws'
[0.077s] Level 1:colcon.colcon_core.package_identification:_identify(.) by extensions ['ignore', 'ignore_ament_install']
[0.077s] Level 1:colcon.colcon_core.package_identification:_identify(.) by extension 'ignore'
[0.077s] Level 1:colcon.colcon_core.package_identification:_identify(.) by extension 'ignore_ament_install'
[0.077s] Level 1:colcon.colcon_core.package_identification:_identify(.) by extensions ['colcon_pkg']
[0.077s] Level 1:colcon.colcon_core.package_identification:_identify(.) by extension 'colcon_pkg'
[0.077s] Level 1:colcon.colcon_core.package_identification:_identify(.) by extensions ['colcon_meta']
[0.077s] Level 1:colcon.colcon_core.package_identification:_identify(.) by extension 'colcon_meta'
[0.077s] Level 1:colcon.colcon_core.package_identification:_identify(.) by extensions ['ros']
[0.077s] Level 1:colcon.colcon_core.package_identification:_identify(.) by extension 'ros'
[0.091s] Level 1:colcon.colcon_core.package_identification:_identify(.) by extensions ['cmake', 'python']
[0.092s] Level 1:colcon.colcon_core.package_identification:_identify(.) by extension 'cmake'
[0.092s] Level 1:colcon.colcon_core.package_identification:_identify(.) by extension 'python'
[0.092s] Level 1:colcon.colcon_core.package_identification:_identify(.) by extensions ['python_setup_py']
[0.092s] Level 1:colcon.colcon_core.package_identification:_identify(.) by extension 'python_setup_py'
[0.092s] Level 1:colcon.colcon_core.package_identification:_identify(build) by extensions ['ignore', 'ignore_ament_install']
[0.092s] Level 1:colcon.colcon_core.package_identification:_identify(build) by extension 'ignore'
[0.092s] Level 1:colcon.colcon_core.package_identification:_identify(build) ignored
[0.092s] Level 1:colcon.colcon_core.package_identification:_identify(install) by extensions ['ignore', 'ignore_ament_install']
[0.092s] Level 1:colcon.colcon_core.package_identification:_identify(install) by extension 'ignore'
[0.092s] Level 1:colcon.colcon_core.package_identification:_identify(install) ignored
[0.092s] Level 1:colcon.colcon_core.package_identification:_identify(log) by extensions ['ignore', 'ignore_ament_install']
[0.092s] Level 1:colcon.colcon_core.package_identification:_identify(log) by extension 'ignore'
[0.092s] Level 1:colcon.colcon_core.package_identification:_identify(log) ignored
[0.092s] Level 1:colcon.colcon_core.package_identification:_identify(src) by extensions ['ignore', 'ignore_ament_install']
[0.093s] Level 1:colcon.colcon_core.package_identification:_identify(src) by extension 'ignore'
[0.093s] Level 1:colcon.colcon_core.package_identification:_identify(src) by extension 'ignore_ament_install'
[0.093s] Level 1:colcon.colcon_core.package_identification:_identify(src) by extensions ['colcon_pkg']
[0.093s] Level 1:colcon.colcon_core.package_identification:_identify(src) by extension 'colcon_pkg'
[0.093s] Level 1:colcon.colcon_core.package_identification:_identify(src) by extensions ['colcon_meta']
[0.093s] Level 1:colcon.colcon_core.package_identification:_identify(src) by extension 'colcon_meta'
[0.093s] Level 1:colcon.colcon_core.package_identification:_identify(src) by extensions ['ros']
[0.093s] Level 1:colcon.colcon_core.package_identification:_identify(src) by extension 'ros'
[0.093s] Level 1:colcon.colcon_core.package_identification:_identify(src) by extensions ['cmake', 'python']
[0.093s] Level 1:colcon.colcon_core.package_identification:_identify(src) by extension 'cmake'
[0.093s] Level 1:colcon.colcon_core.package_identification:_identify(src) by extension 'python'
[0.093s] Level 1:colcon.colcon_core.package_identification:_identify(src) by extensions ['python_setup_py']
[0.093s] Level 1:colcon.colcon_core.package_identification:_identify(src) by extension 'python_setup_py'
[0.093s] Level 1:colcon.colcon_core.package_identification:_identify(src/warehouse_robot) by extensions ['ignore', 'ignore_ament_install']
[0.093s] Level 1:colcon.colcon_core.package_identification:_identify(src/warehouse_robot) by extension 'ignore'
[0.093s] Level 1:colcon.colcon_core.package_identification:_identify(src/warehouse_robot) by extension 'ignore_ament_install'
[0.093s] Level 1:colcon.colcon_core.package_identification:_identify(src/warehouse_robot) by extensions ['colcon_pkg']
[0.093s] Level 1:colcon.colcon_core.package_identification:_identify(src/warehouse_robot) by extension 'colcon_pkg'
[0.093s] Level 1:colcon.colcon_core.package_identification:_identify(src/warehouse_robot) by extensions ['colcon_meta']
[0.093s] Level 1:colcon.colcon_core.package_identification:_identify(src/warehouse_robot) by extension 'colcon_meta'
[0.093s] Level 1:colcon.colcon_core.package_identification:_identify(src/warehouse_robot) by extensions ['ros']
[0.093s] Level 1:colcon.colcon_core.package_identification:_identify(src/warehouse_robot) by extension 'ros'
[0.095s] DEBUG:colcon.colcon_core.package_identification:Package 'src/warehouse_robot' with type 'ros.ament_cmake' and name 'warehouse_robot'
[0.095s] Level 1:colcon.colcon_core.package_discovery:discover_packages(recursive) using defaults
[0.095s] Level 1:colcon.colcon_core.package_discovery:discover_packages(ignore) discover
[0.095s] Level 1:colcon.colcon_core.package_discovery:discover_packages(ignore) using defaults
[0.095s] Level 1:colcon.colcon_core.package_discovery:discover_packages(path) discover
[0.095s] Level 1:colcon.colcon_core.package_discovery:discover_packages(path) using defaults
[0.105s] Level 1:colcon.colcon_core.package_discovery:discover_packages(prefix_path) check parameters
[0.105s] Level 1:colcon.colcon_core.package_discovery:discover_packages(prefix_path) discover
[0.106s] DEBUG:colcon.colcon_installed_package_information.package_discovery:Found 1 installed packages in /home/mannava/warehouse_robot_ws/install
[0.107s] DEBUG:colcon.colcon_installed_package_information.package_discovery:Found 427 installed packages in /opt/ros/jazzy
[0.108s] Level 1:colcon.colcon_core.package_discovery:discover_packages(prefix_path) using defaults
[0.136s] Level 5:colcon.colcon_core.verb:set package 'warehouse_robot' build argument 'cmake_args' from command line to 'None'
[0.136s] Level 5:colcon.colcon_core.verb:set package 'warehouse_robot' build argument 'cmake_target' from command line to 'None'
[0.136s] Level 5:colcon.colcon_core.verb:set package 'warehouse_robot' build argument 'cmake_target_skip_unavailable' from command line to 'False'
[0.136s] Level 5:colcon.colcon_core.verb:set package 'warehouse_robot' build argument 'cmake_clean_cache' from command line to 'False'
[0.136s] Level 5:colcon.colcon_core.verb:set package 'warehouse_robot' build argument 'cmake_clean_first' from command line to 'False'
[0.136s] Level 5:colcon.colcon_core.verb:set package 'warehouse_robot' build argument 'cmake_force_configure' from command line to 'False'
[0.136s] Level 5:colcon.colcon_core.verb:set package 'warehouse_robot' build argument 'ament_cmake_args' from command line to 'None'
[0.136s] Level 5:colcon.colcon_core.verb:set package 'warehouse_robot' build argument 'catkin_cmake_args' from command line to 'None'
[0.136s] Level 5:colcon.colcon_core.verb:set package 'warehouse_robot' build argument 'catkin_skip_building_tests' from command line to 'False'
[0.136s] DEBUG:colcon.colcon_core.verb:Building package 'warehouse_robot' with the following arguments: {'ament_cmake_args': None, 'build_base': '/home/mannava/warehouse_robot_ws/build/warehouse_robot', 'catkin_cmake_args': None, 'catkin_skip_building_tests': False, 'cmake_args': None, 'cmake_clean_cache': False, 'cmake_clean_first': False, 'cmake_force_configure': False, 'cmake_target': None, 'cmake_target_skip_unavailable': False, 'install_base': '/home/mannava/warehouse_robot_ws/install/warehouse_robot', 'merge_install': False, 'path': '/home/mannava/warehouse_robot_ws/src/warehouse_robot', 'symlink_install': True, 'test_result_base': None}
[0.136s] INFO:colcon.colcon_core.executor:Executing jobs using 'parallel' executor
[0.136s] DEBUG:colcon.colcon_parallel_executor.executor.parallel:run_until_complete
[0.137s] INFO:colcon.colcon_ros.task.ament_cmake.build:Building ROS package in '/home/mannava/warehouse_robot_ws/src/warehouse_robot' with build type 'ament_cmake'
[0.137s] INFO:colcon.colcon_cmake.task.cmake.build:Building CMake package in '/home/mannava/warehouse_robot_ws/src/warehouse_robot'
[0.138s] INFO:colcon.colcon_core.plugin_system:Skipping extension 'colcon_core.shell.bat': Not used on non-Windows systems
[0.138s] INFO:colcon.colcon_core.shell:Skip shell extension 'powershell' for command environment: Not usable outside of PowerShell
[0.138s] DEBUG:colcon.colcon_core.shell:Skip shell extension 'dsv' for command environment
[0.144s] DEBUG:colcon.colcon_core.event_handler.log_command:Invoking command in '/home/mannava/warehouse_robot_ws/build/warehouse_robot': CMAKE_PREFIX_PATH=${CMAKE_PREFIX_PATH}:/opt/ros/jazzy /usr/bin/cmake --build /home/mannava/warehouse_robot_ws/build/warehouse_robot -- -j32 -l32
[1.761s] DEBUG:colcon.colcon_core.event_handler.log_command:Invoked command in '/home/mannava/warehouse_robot_ws/build/warehouse_robot' returned '0': CMAKE_PREFIX_PATH=${CMAKE_PREFIX_PATH}:/opt/ros/jazzy /usr/bin/cmake --build /home/mannava/warehouse_robot_ws/build/warehouse_robot -- -j32 -l32
[1.777s] DEBUG:colcon.colcon_core.event_handler.log_command:Invoking command in '/home/mannava/warehouse_robot_ws/build/warehouse_robot': CMAKE_PREFIX_PATH=${CMAKE_PREFIX_PATH}:/opt/ros/jazzy /usr/bin/cmake --install /home/mannava/warehouse_robot_ws/build/warehouse_robot
[1.819s] Level 1:colcon.colcon_core.environment:create_environment_scripts_only(warehouse_robot)
[1.820s] DEBUG:colcon.colcon_core.event_handler.log_command:Invoked command in '/home/mannava/warehouse_robot_ws/build/warehouse_robot' returned '0': CMAKE_PREFIX_PATH=${CMAKE_PREFIX_PATH}:/opt/ros/jazzy /usr/bin/cmake --install /home/mannava/warehouse_robot_ws/build/warehouse_robot
[1.824s] Level 1:colcon.colcon_core.environment:checking '/home/mannava/warehouse_robot_ws/install/warehouse_robot' for CMake module files
[1.825s] Level 1:colcon.colcon_core.environment:checking '/home/mannava/warehouse_robot_ws/install/warehouse_robot' for CMake config files
[1.826s] Level 1:colcon.colcon_core.shell:create_environment_hook('warehouse_robot', 'cmake_prefix_path')
[1.826s] INFO:colcon.colcon_core.shell:Creating environment hook '/home/mannava/warehouse_robot_ws/install/warehouse_robot/share/warehouse_robot/hook/cmake_prefix_path.ps1'
[1.827s] INFO:colcon.colcon_core.shell:Creating environment descriptor '/home/mannava/warehouse_robot_ws/install/warehouse_robot/share/warehouse_robot/hook/cmake_prefix_path.dsv'
[1.828s] INFO:colcon.colcon_core.shell:Creating environment hook '/home/mannava/warehouse_robot_ws/install/warehouse_robot/share/warehouse_robot/hook/cmake_prefix_path.sh'
[1.830s] Level 1:colcon.colcon_core.environment:checking '/home/mannava/warehouse_robot_ws/install/warehouse_robot/lib'
[1.830s] Level 1:colcon.colcon_core.environment:checking '/home/mannava/warehouse_robot_ws/install/warehouse_robot/bin'
[1.831s] Level 1:colcon.colcon_core.environment:checking '/home/mannava/warehouse_robot_ws/install/warehouse_robot/lib/pkgconfig/warehouse_robot.pc'
[1.831s] Level 1:colcon.colcon_core.environment:checking '/home/mannava/warehouse_robot_ws/install/warehouse_robot/lib/python3.12/site-packages'
[1.832s] Level 1:colcon.colcon_core.environment:checking '/home/mannava/warehouse_robot_ws/install/warehouse_robot/bin'
[1.833s] INFO:colcon.colcon_core.shell:Creating package script '/home/mannava/warehouse_robot_ws/install/warehouse_robot/share/warehouse_robot/package.ps1'
[1.834s] INFO:colcon.colcon_core.shell:Creating package descriptor '/home/mannava/warehouse_robot_ws/install/warehouse_robot/share/warehouse_robot/package.dsv'
[1.834s] INFO:colcon.colcon_core.shell:Creating package script '/home/mannava/warehouse_robot_ws/install/warehouse_robot/share/warehouse_robot/package.sh'
[1.835s] INFO:colcon.colcon_core.shell:Creating package script '/home/mannava/warehouse_robot_ws/install/warehouse_robot/share/warehouse_robot/package.bash'
[1.836s] INFO:colcon.colcon_core.shell:Creating package script '/home/mannava/warehouse_robot_ws/install/warehouse_robot/share/warehouse_robot/package.zsh'
[1.837s] Level 1:colcon.colcon_core.environment:create_file_with_runtime_dependencies(/home/mannava/warehouse_robot_ws/install/warehouse_robot/share/colcon-core/packages/warehouse_robot)
[1.838s] Level 1:colcon.colcon_core.environment:create_environment_scripts_only(warehouse_robot)
[1.838s] Level 1:colcon.colcon_core.environment:checking '/home/mannava/warehouse_robot_ws/install/warehouse_robot' for CMake module files
[1.839s] Level 1:colcon.colcon_core.environment:checking '/home/mannava/warehouse_robot_ws/install/warehouse_robot' for CMake config files
[1.839s] Level 1:colcon.colcon_core.shell:create_environment_hook('warehouse_robot', 'cmake_prefix_path')
[1.840s] INFO:colcon.colcon_core.shell:Creating environment hook '/home/mannava/warehouse_robot_ws/install/warehouse_robot/share/warehouse_robot/hook/cmake_prefix_path.ps1'
[1.840s] INFO:colcon.colcon_core.shell:Creating environment descriptor '/home/mannava/warehouse_robot_ws/install/warehouse_robot/share/warehouse_robot/hook/cmake_prefix_path.dsv'
[1.841s] INFO:colcon.colcon_core.shell:Creating environment hook '/home/mannava/warehouse_robot_ws/install/warehouse_robot/share/warehouse_robot/hook/cmake_prefix_path.sh'
[1.842s] Level 1:colcon.colcon_core.environment:checking '/home/mannava/warehouse_robot_ws/install/warehouse_robot/lib'
[1.842s] Level 1:colcon.colcon_core.environment:checking '/home/mannava/warehouse_robot_ws/install/warehouse_robot/bin'
[1.842s] Level 1:colcon.colcon_core.environment:checking '/home/mannava/warehouse_robot_ws/install/warehouse_robot/lib/pkgconfig/warehouse_robot.pc'
[1.843s] Level 1:colcon.colcon_core.environment:checking '/home/mannava/warehouse_robot_ws/install/warehouse_robot/lib/python3.12/site-packages'
[1.844s] Level 1:colcon.colcon_core.environment:checking '/home/mannava/warehouse_robot_ws/install/warehouse_robot/bin'
[1.844s] INFO:colcon.colcon_core.shell:Creating package script '/home/mannava/warehouse_robot_ws/install/warehouse_robot/share/warehouse_robot/package.ps1'
[1.845s] INFO:colcon.colcon_core.shell:Creating package descriptor '/home/mannava/warehouse_robot_ws/install/warehouse_robot/share/warehouse_robot/package.dsv'
[1.847s] INFO:colcon.colcon_core.shell:Creating package script '/home/mannava/warehouse_robot_ws/install/warehouse_robot/share/warehouse_robot/package.sh'
[1.847s] INFO:colcon.colcon_core.shell:Creating package script '/home/mannava/warehouse_robot_ws/install/warehouse_robot/share/warehouse_robot/package.bash'
[1.849s] INFO:colcon.colcon_core.shell:Creating package script '/home/mannava/warehouse_robot_ws/install/warehouse_robot/share/warehouse_robot/package.zsh'
[1.849s] Level 1:colcon.colcon_core.environment:create_file_with_runtime_dependencies(/home/mannava/warehouse_robot_ws/install/warehouse_robot/share/colcon-core/packages/warehouse_robot)
[1.849s] DEBUG:colcon.colcon_parallel_executor.executor.parallel:closing loop
[1.850s] DEBUG:colcon.colcon_parallel_executor.executor.parallel:loop closed
[1.850s] DEBUG:colcon.colcon_parallel_executor.executor.parallel:run_until_complete finished with '0'
[1.850s] DEBUG:colcon.colcon_core.event_reactor:joining thread
[1.860s] INFO:colcon.colcon_core.plugin_system:Skipping extension 'colcon_notification.desktop_notification.terminal_notifier': Not used on non-Darwin systems
[1.861s] INFO:colcon.colcon_core.plugin_system:Skipping extension 'colcon_notification.desktop_notification.win32': Not used on non-Windows systems
[1.861s] INFO:colcon.colcon_notification.desktop_notification:Sending desktop notification using 'notify2'
[1.877s] DEBUG:colcon.colcon_core.event_reactor:joined thread
[1.878s] INFO:colcon.colcon_core.shell:Creating prefix script '/home/mannava/warehouse_robot_ws/install/local_setup.ps1'
[1.879s] INFO:colcon.colcon_core.shell:Creating prefix util module '/home/mannava/warehouse_robot_ws/install/_local_setup_util_ps1.py'
[1.881s] INFO:colcon.colcon_core.shell:Creating prefix chain script '/home/mannava/warehouse_robot_ws/install/setup.ps1'
[1.883s] INFO:colcon.colcon_core.shell:Creating prefix script '/home/mannava/warehouse_robot_ws/install/local_setup.sh'
[1.885s] INFO:colcon.colcon_core.shell:Creating prefix util module '/home/mannava/warehouse_robot_ws/install/_local_setup_util_sh.py'
[1.886s] INFO:colcon.colcon_core.shell:Creating prefix chain script '/home/mannava/warehouse_robot_ws/install/setup.sh'
[1.890s] INFO:colcon.colcon_core.shell:Creating prefix script '/home/mannava/warehouse_robot_ws/install/local_setup.bash'
[1.891s] INFO:colcon.colcon_core.shell:Creating prefix chain script '/home/mannava/warehouse_robot_ws/install/setup.bash'
[1.894s] INFO:colcon.colcon_core.shell:Creating prefix script '/home/mannava/warehouse_robot_ws/install/local_setup.zsh'
[1.896s] INFO:colcon.colcon_core.shell:Creating prefix chain script '/home/mannava/warehouse_robot_ws/install/setup.zsh'
