-- Found ament_cmake: 2.5.4 (/opt/ros/jazzy/share/ament_cmake/cmake)
-- Override CMake install command with custom implementation using symlinks instead of copying resources
-- Found rclcpp: 28.1.13 (/opt/ros/jazzy/share/rclcpp/cmake)
-- Found rosidl_generator_c: 4.6.6 (/opt/ros/jazzy/share/rosidl_generator_c/cmake)
-- Found rosidl_generator_cpp: 4.6.6 (/opt/ros/jazzy/share/rosidl_generator_cpp/cmake)
-- Using all available rosidl_typesupport_c: rosidl_typesupport_fastrtps_c;rosidl_typesupport_introspection_c
-- Using all available rosidl_typesupport_cpp: rosidl_typesupport_fastrtps_cpp;rosidl_typesupport_introspection_cpp
-- Found rmw_implementation_cmake: 7.3.2 (/opt/ros/jazzy/share/rmw_implementation_cmake/cmake)
-- Found rmw_fastrtps_cpp: 8.4.3 (/opt/ros/jazzy/share/rmw_fastrtps_cpp/cmake)
-- Using RMW implementation 'rmw_fastrtps_cpp' as default
-- Found urdf: 2.10.0 (/opt/ros/jazzy/share/urdf/cmake)
-- Found xacro: 2.1.1 (/opt/ros/jazzy/share/xacro/cmake)
-- Found ament_lint_auto: 0.17.3 (/opt/ros/jazzy/share/ament_lint_auto/cmake)
-- Added test 'flake8' to check Python code syntax and style conventions
-- Configured 'flake8' exclude dirs and/or files: 
-- Added test 'lint_cmake' to check CMake code style
-- Added test 'pep257' to check Python code against some of the docstring style conventions in PEP 257
-- Added test 'xmllint' to check XML markup files
-- Configuring done (1.6s)
-- Generating done (0.0s)
-- Build files have been written to: /home/mannava/warehouse_robot_ws/build/warehouse_robot
-- Install configuration: ""
-- Execute custom install script
-- Up-to-date symlink: /home/mannava/warehouse_robot_ws/install/warehouse_robot/share/warehouse_robot/launch/launch_sim.launch.py
-- Up-to-date symlink: /home/mannava/warehouse_robot_ws/install/warehouse_robot/share/warehouse_robot/launch/mapping.launch.py
-- Up-to-date symlink: /home/mannava/warehouse_robot_ws/install/warehouse_robot/share/warehouse_robot/launch/monitoring.launch.py
-- Up-to-date symlink: /home/mannava/warehouse_robot_ws/install/warehouse_robot/share/warehouse_robot/urdf/gazebo_control.xacro
-- Up-to-date symlink: /home/mannava/warehouse_robot_ws/install/warehouse_robot/share/warehouse_robot/urdf/lidar.xacro
-- Up-to-date symlink: /home/mannava/warehouse_robot_ws/install/warehouse_robot/share/warehouse_robot/urdf/robot.urdf.xacro
-- Up-to-date symlink: /home/mannava/warehouse_robot_ws/install/warehouse_robot/share/warehouse_robot/worlds/warehouse.sdf
-- Up-to-date symlink: /home/mannava/warehouse_robot_ws/install/warehouse_robot/share/warehouse_robot/rviz/warehouse.rviz
-- Up-to-date symlink: /home/mannava/warehouse_robot_ws/install/warehouse_robot/share/warehouse_robot/config/mapper_params_online_async.yaml
-- Symlinking: /home/mannava/warehouse_robot_ws/install/warehouse_robot/lib/warehouse_robot/random_walk.py
-- Up-to-date symlink: /home/mannava/warehouse_robot_ws/install/warehouse_robot/share/ament_index/resource_index/package_run_dependencies/warehouse_robot
-- Up-to-date symlink: /home/mannava/warehouse_robot_ws/install/warehouse_robot/share/ament_index/resource_index/parent_prefix_path/warehouse_robot
-- Up-to-date symlink: /home/mannava/warehouse_robot_ws/install/warehouse_robot/share/warehouse_robot/environment/ament_prefix_path.sh
-- Up-to-date symlink: /home/mannava/warehouse_robot_ws/install/warehouse_robot/share/warehouse_robot/environment/ament_prefix_path.dsv
-- Up-to-date symlink: /home/mannava/warehouse_robot_ws/install/warehouse_robot/share/warehouse_robot/environment/path.sh
-- Up-to-date symlink: /home/mannava/warehouse_robot_ws/install/warehouse_robot/share/warehouse_robot/environment/path.dsv
-- Up-to-date symlink: /home/mannava/warehouse_robot_ws/install/warehouse_robot/share/warehouse_robot/local_setup.bash
-- Up-to-date symlink: /home/mannava/warehouse_robot_ws/install/warehouse_robot/share/warehouse_robot/local_setup.sh
-- Up-to-date symlink: /home/mannava/warehouse_robot_ws/install/warehouse_robot/share/warehouse_robot/local_setup.zsh
-- Up-to-date symlink: /home/mannava/warehouse_robot_ws/install/warehouse_robot/share/warehouse_robot/local_setup.dsv
-- Symlinking: /home/mannava/warehouse_robot_ws/install/warehouse_robot/share/warehouse_robot/package.dsv
-- Up-to-date symlink: /home/mannava/warehouse_robot_ws/install/warehouse_robot/share/ament_index/resource_index/packages/warehouse_robot
-- Up-to-date symlink: /home/mannava/warehouse_robot_ws/install/warehouse_robot/share/warehouse_robot/cmake/warehouse_robotConfig.cmake
-- Up-to-date symlink: /home/mannava/warehouse_robot_ws/install/warehouse_robot/share/warehouse_robot/cmake/warehouse_robotConfig-version.cmake
-- Up-to-date symlink: /home/mannava/warehouse_robot_ws/install/warehouse_robot/share/warehouse_robot/package.xml
